<?xml version="1.0" encoding="UTF-8"?>
<!-- Generated by org.testng.reporters.JUnitXMLReporter -->
<testsuite hostname="ShubhamRabbit" ignored="0" name="Default test" tests="13" failures="0" timestamp="2022-12-19T17:06:56 IST" time="1.349" errors="0">
  <testcase name="verify_Heading_Downloads" time="0.052" classname="com.JBKProjectTest.DownloadsPageTest"/>
  <testcase name="verify_Heading_DownloadsList" time="0.035" classname="com.JBKProjectTest.DownloadsPageTest"/>
  <testcase name="verify_PrintRow1" time="0.047" classname="com.JBKProjectTest.DownloadsPageTest"/>
  <testcase name="verify_SmallHead" time="0.041" classname="com.JBKProjectTest.DownloadsPageTest"/>
  <testcase name="verify_PrintRow2" time="0.041" classname="com.JBKProjectTest.DownloadsPageTest"/>
  <testcase name="verify_PrintRow3" time="0.044" classname="com.JBKProjectTest.DownloadsPageTest"/>
  <testcase name="verify_PrintRow4" time="0.043" classname="com.JBKProjectTest.DownloadsPageTest"/>
  <testcase name="verify_PrintRow5" time="0.05" classname="com.JBKProjectTest.DownloadsPageTest"/>
  <testcase name="verify_PrintRow6" time="0.042" classname="com.JBKProjectTest.DownloadsPageTest"/>
  <testcase name="verify_PrintRow7" time="0.047" classname="com.JBKProjectTest.DownloadsPageTest"/>
  <testcase name="verify_PrintRow8" time="0.048" classname="com.JBKProjectTest.DownloadsPageTest"/>
  <testcase name="verify_ClickAllOfficialWebsites" time="0.665" classname="com.JBKProjectTest.DownloadsPageTest"/>
  <testcase name="verify_ClickLogout" time="0.135" classname="com.JBKProjectTest.DownloadsPageTest"/>
</testsuite> <!-- Default test -->
